<?xml version="1.0" encoding="UTF-8"?>
<!-- Generated by org.testng.reporters.JUnitReportReporter -->
<testsuite hostname="LAPTOP-K6JBIRD9" failures="0" tests="1" name="testNGExamples.SmokeTest" time="9.276" errors="0" timestamp="2025-09-15T23:26:03 IST" skipped="0">
  <testcase classname="testNGExamples.SmokeTest" name="smokeTest" time="9.276"/>
</testsuite> <!-- testNGExamples.SmokeTest -->
