<?xml version="1.0" encoding="UTF-8"?>
<!-- Generated by org.testng.reporters.JUnitReportReporter -->
<testsuite hostname="LAPTOP-K6JBIRD9" failures="0" tests="1" name="demo.IRCTCApplicationTest" time="37.123" errors="0" timestamp="2025-08-29T15:11:57 IST" skipped="0">
  <testcase classname="demo.IRCTCApplicationTest" name="handlingPopup" time="37.123"/>
</testsuite> <!-- demo.IRCTCApplicationTest -->
