<?xml version="1.0" encoding="UTF-8"?>
<!-- Generated by org.testng.reporters.JUnitReportReporter -->
<testsuite hostname="LAPTOP-K6JBIRD9" failures="0" tests="1" name="demo.TestAutomationPracticeApplicationTest" time="27.209" errors="0" timestamp="2025-08-23T14:41:50 IST" skipped="0">
  <testcase classname="demo.TestAutomationPracticeApplicationTest" name="actionPerformance" time="27.209"/>
</testsuite> <!-- demo.TestAutomationPracticeApplicationTest -->
