<?xml version="1.0" encoding="UTF-8"?>
<!-- Generated by org.testng.reporters.JUnitReportReporter -->
<testsuite hostname="LAPTOP-K6JBIRD9" failures="0" tests="1" name="demo.CliniqueApplicationTest" time="11.457" errors="0" timestamp="2025-08-25T13:09:48 IST" skipped="0">
  <testcase classname="demo.CliniqueApplicationTest" name="mouseHover" time="11.457"/>
</testsuite> <!-- demo.CliniqueApplicationTest -->
