<?xml version="1.0" encoding="UTF-8"?>
<!-- Generated by org.testng.reporters.JUnitReportReporter -->
<testsuite hostname="LAPTOP-K6JBIRD9" failures="0" tests="1" name="demo.CandyMapperApplicationTest" time="6.650" errors="0" timestamp="2025-08-24T19:52:43 IST" skipped="0">
  <testcase classname="demo.CandyMapperApplicationTest" name="handlingDropDown" time="6.650"/>
</testsuite> <!-- demo.CandyMapperApplicationTest -->
