<?xml version="1.0" encoding="UTF-8"?>
<!-- Generated by org.testng.reporters.JUnitReportReporter -->
<testsuite hostname="LAPTOP-K6JBIRD9" failures="0" tests="1" name="demo.VtigerAutomationTest" time="27.401" errors="0" timestamp="2025-08-30T11:24:46 IST" skipped="0">
  <testcase classname="demo.VtigerAutomationTest" name="createOrganization" time="27.401"/>
</testsuite> <!-- demo.VtigerAutomationTest -->
