<?xml version="1.0" encoding="UTF-8"?>
<!-- Generated by org.testng.reporters.JUnitReportReporter -->
<testsuite hostname="LAPTOP-K6JBIRD9" failures="0" tests="1" name="demo.BookMyTripAppTest" time="16.416" errors="0" timestamp="2025-08-29T22:12:37 IST" skipped="0">
  <testcase classname="demo.BookMyTripAppTest" name="handlingPopup" time="16.416"/>
</testsuite> <!-- demo.BookMyTripAppTest -->
