<?xml version="1.0" encoding="UTF-8"?>
<!-- Generated by org.testng.reporters.JUnitReportReporter -->
<testsuite hostname="LAPTOP-K6JBIRD9" failures="0" tests="2" name="demo.BaseClassImp" time="0.010" errors="0" timestamp="2025-09-08T21:09:49 IST" skipped="0">
  <testcase classname="demo.BaseClassImp" name="test2" time="0.003"/>
  <testcase classname="demo.BaseClassImp" name="test1" time="0.007"/>
</testsuite> <!-- demo.BaseClassImp -->
