<?xml version="1.0" encoding="UTF-8"?>
<!-- Generated by org.testng.reporters.JUnitReportReporter -->
<testsuite hostname="LAPTOP-K6JBIRD9" failures="0" tests="1" name="testNGExamples.InvoiceTest" time="0.010" errors="0" timestamp="2025-09-09T15:07:43 IST" skipped="0">
  <testcase classname="testNGExamples.InvoiceTest" name="activateSim" time="0.010"/>
</testsuite> <!-- testNGExamples.InvoiceTest -->
