<?xml version="1.0" encoding="UTF-8"?>
<!-- Generated by org.testng.reporters.JUnitReportReporter -->
<testsuite hostname="LAPTOP-K6JBIRD9" failures="0" tests="3" name="demo.ExampleClass" time="0.015" errors="0" timestamp="2025-09-08T21:15:09 IST" skipped="0">
  <testcase classname="demo.ExampleClass" name="test2" time="0.002"/>
  <testcase classname="demo.ExampleClass" name="test3" time="0.003"/>
  <testcase classname="demo.ExampleClass" name="test1" time="0.010"/>
</testsuite> <!-- demo.ExampleClass -->
