<?xml version="1.0" encoding="UTF-8"?>
<!-- Generated by org.testng.reporters.JUnitReportReporter -->
<testsuite hostname="LAPTOP-K6JBIRD9" failures="0" tests="1" name="demo.BookMyShowAppTest" time="9.173" errors="0" timestamp="2025-08-29T23:03:47 IST" skipped="0">
  <testcase classname="demo.BookMyShowAppTest" name="popUp" time="9.173"/>
</testsuite> <!-- demo.BookMyShowAppTest -->
