<?xml version="1.0" encoding="UTF-8"?>
<!-- Generated by org.testng.reporters.JUnitReportReporter -->
<testsuite hostname="LAPTOP-K6JBIRD9" failures="0" tests="1" name="practice.SwitchingTabsForDifferentApplication" time="19.496" errors="0" timestamp="2025-09-13T21:40:11 IST" skipped="0">
  <testcase classname="practice.SwitchingTabsForDifferentApplication" name="switchingTabsForDiffApp" time="19.496"/>
</testsuite> <!-- practice.SwitchingTabsForDifferentApplication -->
