<?xml version="1.0" encoding="UTF-8"?>
<!-- Generated by org.testng.reporters.JUnitReportReporter -->
<testsuite hostname="LAPTOP-K6JBIRD9" failures="0" tests="1" name="demo.ReadingMutipleRowDatasCondition" time="0.636" errors="0" timestamp="2025-08-26T16:16:53 IST" skipped="0">
  <testcase classname="demo.ReadingMutipleRowDatasCondition" name="mutipleRowDatasCondition" time="0.636"/>
</testsuite> <!-- demo.ReadingMutipleRowDatasCondition -->
