<?xml version="1.0" encoding="UTF-8"?>
<!-- Generated by org.testng.reporters.JUnitReportReporter -->
<testsuite hostname="LAPTOP-K6JBIRD9" failures="0" tests="1" name="demo.DatabaseConnection" time="13.427" errors="0" timestamp="2025-08-30T22:17:57 IST" skipped="0">
  <testcase classname="demo.DatabaseConnection" name="fetchDatas" time="13.427"/>
</testsuite> <!-- demo.DatabaseConnection -->
