<?xml version="1.0" encoding="UTF-8"?>
<!-- Generated by org.testng.reporters.JUnitReportReporter -->
<testsuite hostname="LAPTOP-K6JBIRD9" failures="0" tests="1" name="demo.HandlingBrokenLinks" time="85.527" errors="0" timestamp="2025-08-28T11:52:13 IST" skipped="0">
  <testcase classname="demo.HandlingBrokenLinks" name="brokenLinks" time="85.527"/>
</testsuite> <!-- demo.HandlingBrokenLinks -->
