<?xml version="1.0" encoding="UTF-8"?>
<!-- Generated by org.testng.reporters.JUnitReportReporter -->
<testsuite hostname="LAPTOP-K6JBIRD9" failures="0" tests="1" name="demo.GeneratingAlphanumericData" time="0.011" errors="0" timestamp="2025-08-26T16:26:48 IST" skipped="0">
  <testcase classname="demo.GeneratingAlphanumericData" name="generateAlphaNumericData" time="0.011"/>
</testsuite> <!-- demo.GeneratingAlphanumericData -->
