<?xml version="1.0" encoding="UTF-8"?>
<!-- Generated by org.testng.reporters.JUnitReportReporter -->
<testsuite hostname="LAPTOP-K6JBIRD9" failures="0" tests="1" name="demo.FlipkartApplicationTest" time="11.497" errors="0" timestamp="2025-08-23T10:53:34 IST" skipped="0">
  <testcase classname="demo.FlipkartApplicationTest" name="mouseHoverAndClick" time="11.497"/>
</testsuite> <!-- demo.FlipkartApplicationTest -->
