<?xml version="1.0" encoding="UTF-8"?>
<!-- Generated by org.testng.reporters.JUnitReportReporter -->
<testsuite hostname="LAPTOP-K6JBIRD9" failures="0" tests="1" name="demo.CreatingDataBaseMySQL" time="0.520" errors="0" timestamp="2025-09-02T15:50:30 IST" skipped="0">
  <testcase classname="demo.CreatingDataBaseMySQL" name="databaseCreation" time="0.520"/>
</testsuite> <!-- demo.CreatingDataBaseMySQL -->
