<?xml version="1.0" encoding="UTF-8"?>
<!-- Generated by org.testng.reporters.JUnitReportReporter -->
<testsuite hostname="LAPTOP-K6JBIRD9" failures="0" tests="1" name="demo.GoIbiboCalenderPopup" time="67.895" errors="0" timestamp="2025-08-28T17:53:17 IST" skipped="0">
  <testcase classname="demo.GoIbiboCalenderPopup" name="popup" time="67.895"/>
</testsuite> <!-- demo.GoIbiboCalenderPopup -->
