<?xml version="1.0" encoding="UTF-8"?>
<!-- Generated by org.testng.reporters.JUnitReportReporter -->
<testsuite hostname="LAPTOP-K6JBIRD9" failures="0" tests="1" name="demo.ReadingDatasFromMultipleRows" time="0.639" errors="0" timestamp="2025-08-26T15:57:00 IST" skipped="0">
  <testcase classname="demo.ReadingDatasFromMultipleRows" name="readingMultipleDatas" time="0.639"/>
</testsuite> <!-- demo.ReadingDatasFromMultipleRows -->
