<?xml version="1.0" encoding="UTF-8"?>
<!-- Generated by org.testng.reporters.JUnitReportReporter -->
<testsuite hostname="LAPTOP-K6JBIRD9" failures="0" tests="3" name="testNGExamples.DataProviderImplementation" time="0.017" errors="0" timestamp="2025-09-07T19:09:35 IST" skipped="0">
  <testcase classname="testNGExamples.DataProviderImplementation" name="implementDataProvider" time="0.003"/>
  <testcase classname="testNGExamples.DataProviderImplementation" name="implementDataProvider" time="0.010"/>
  <testcase classname="testNGExamples.DataProviderImplementation" name="implementDataProvider" time="0.004"/>
</testsuite> <!-- testNGExamples.DataProviderImplementation -->
