<?xml version="1.0" encoding="UTF-8"?>
<!-- Generated by org.testng.reporters.JUnitReportReporter -->
<testsuite hostname="LAPTOP-K6JBIRD9" failures="0" tests="1" name="testNGExamples.BasicTestScript" time="0.012" errors="0" timestamp="2025-09-11T16:28:47 IST" skipped="0">
  <testcase classname="testNGExamples.BasicTestScript" name="test1" time="0.012"/>
</testsuite> <!-- testNGExamples.BasicTestScript -->
