<?xml version="1.0" encoding="UTF-8"?>
<!-- Generated by org.testng.reporters.JUnitReportReporter -->
<testsuite hostname="LAPTOP-K6JBIRD9" failures="0" tests="1" name="testNGExamples.CreateContactTest" time="26.017" errors="0" timestamp="2025-09-12T16:20:19 IST" skipped="0">
  <testcase classname="testNGExamples.CreateContactTest" name="createContactWithOrganizationTest" time="26.017">
    <system-out>
      <![CDATA[createContactWithOrganizationTest >===START===>
Sahoo
Test case Passed]]>
    </system-out>
  </testcase> <!-- createContactWithOrganizationTest -->
  <system-out>
    <![CDATA[createContactWithOrganizationTest >===START===>
Sahoo
Test case Passed
createOrganizationWithIndustry >===START===>
Organization is created successfully.]]>
  </system-out>
</testsuite> <!-- testNGExamples.CreateContactTest -->
