<?xml version="1.0" encoding="UTF-8"?>
<!-- Generated by org.testng.reporters.JUnitReportReporter -->
<testsuite hostname="LAPTOP-K6JBIRD9" failures="0" tests="1" name="demo.WriteDataBackToExcel" time="0.841" errors="0" timestamp="2025-08-26T16:35:03 IST" skipped="0">
  <testcase classname="demo.WriteDataBackToExcel" name="writeData" time="0.841"/>
</testsuite> <!-- demo.WriteDataBackToExcel -->
