<?xml version="1.0" encoding="UTF-8"?>
<!-- Generated by org.testng.reporters.JUnitReportReporter -->
<testsuite hostname="LAPTOP-K6JBIRD9" failures="0" tests="1" name="demo.MethodInExcelToHandleBlankCells" time="0.773" errors="0" timestamp="2025-09-14T21:05:12 IST" skipped="0">
  <testcase classname="demo.MethodInExcelToHandleBlankCells" name="readDataFromExcel" time="0.773"/>
</testsuite> <!-- demo.MethodInExcelToHandleBlankCells -->
