<?xml version="1.0" encoding="UTF-8"?>
<!-- Generated by org.testng.reporters.JUnitReportReporter -->
<testsuite hostname="LAPTOP-K6JBIRD9" failures="0" tests="1" name="demo.VTigerCRMUsingJSON" time="33.001" errors="0" timestamp="2025-09-01T22:20:09 IST" skipped="0">
  <testcase classname="demo.VTigerCRMUsingJSON" name="createOrganization" time="33.001"/>
</testsuite> <!-- demo.VTigerCRMUsingJSON -->
