<?xml version="1.0" encoding="UTF-8"?>
<!-- Generated by org.testng.reporters.JUnitReportReporter -->
<testsuite hostname="LAPTOP-K6JBIRD9" failures="0" tests="1" name="demo.MethodInExcelToHandleBlankCells" time="0.661" errors="0" timestamp="2025-09-08T22:10:36 IST" skipped="0">
  <testcase classname="demo.MethodInExcelToHandleBlankCells" name="readDataFromExcel" time="0.661"/>
</testsuite> <!-- demo.MethodInExcelToHandleBlankCells -->
