<?xml version="1.0" encoding="UTF-8"?>
<!-- Generated by org.testng.reporters.JUnitReportReporter -->
<testsuite hostname="LAPTOP-K6JBIRD9" failures="0" tests="1" name="demo.VtigerAutomationAppUsingPropertiesTest" time="35.198" errors="0" timestamp="2025-09-07T08:22:44 IST" skipped="0">
  <testcase classname="demo.VtigerAutomationAppUsingPropertiesTest" name="createOrganization" time="35.198"/>
</testsuite> <!-- demo.VtigerAutomationAppUsingPropertiesTest -->
