<?xml version="1.0" encoding="UTF-8"?>
<!-- Generated by org.testng.reporters.JUnitReportReporter -->
<testsuite hostname="LAPTOP-K6JBIRD9" failures="0" tests="1" name="demo.KSRTCAppTest" time="7.789" errors="0" timestamp="2025-08-30T15:49:04 IST" skipped="0">
  <testcase classname="demo.KSRTCAppTest" name="popUp" time="7.789"/>
</testsuite> <!-- demo.KSRTCAppTest -->
