<?xml version="1.0" encoding="UTF-8"?>
<!-- Generated by org.testng.reporters.JUnitReportReporter -->
<testsuite hostname="LAPTOP-K6JBIRD9" failures="0" tests="1" name="testNGExamples.RegressionTest" time="13.895" errors="0" timestamp="2025-09-15T23:26:03 IST" skipped="0">
  <testcase classname="testNGExamples.RegressionTest" name="regressionTest" time="13.895"/>
</testsuite> <!-- testNGExamples.RegressionTest -->
